<?xml version="1.0" encoding="UTF-8" ?>
<testsuite tests="7" failures="0" name="com.ping.RunCucumberTest" time="0.163" errors="0" skipped="7">
  <properties>
    <property name="java.runtime.name" value="OpenJDK Runtime Environment"/>
    <property name="sun.boot.library.path" value="C:\Users\ping.meng\.jdks\corretto-1.8.0_312\jre\bin"/>
    <property name="java.vm.version" value="25.312-b07"/>
    <property name="java.vm.vendor" value="Amazon.com Inc."/>
    <property name="maven.multiModuleProjectDirectory" value="C:\workspace\cucumberdemo"/>
    <property name="java.vendor.url" value="https://aws.amazon.com/corretto/"/>
    <property name="path.separator" value=";"/>
    <property name="guice.disable.misplaced.annotation.check" value="true"/>
    <property name="java.vm.name" value="OpenJDK 64-Bit Server VM"/>
    <property name="file.encoding.pkg" value="sun.io"/>
    <property name="user.script" value=""/>
    <property name="user.country" value="CN"/>
    <property name="sun.java.launcher" value="SUN_STANDARD"/>
    <property name="sun.os.patch.level" value=""/>
    <property name="java.vm.specification.name" value="Java Virtual Machine Specification"/>
    <property name="user.dir" value="C:\workspace\cucumberdemo"/>
    <property name="java.runtime.version" value="1.8.0_312-b07"/>
    <property name="java.awt.graphicsenv" value="sun.awt.Win32GraphicsEnvironment"/>
    <property name="java.endorsed.dirs" value="C:\Users\ping.meng\.jdks\corretto-1.8.0_312\jre\lib\endorsed"/>
    <property name="os.arch" value="amd64"/>
    <property name="java.io.tmpdir" value="C:\Users\PING~1.MEN\AppData\Local\Temp\"/>
    <property name="line.separator" value="
"/>
    <property name="java.vm.specification.vendor" value="Oracle Corporation"/>
    <property name="user.variant" value=""/>
    <property name="os.name" value="Windows 10"/>
    <property name="classworlds.conf" value="C:\Users\ping.meng\Downloads\apache-maven-3.8.4-bin\apache-maven-3.8.4\bin\m2.conf"/>
    <property name="sun.jnu.encoding" value="Cp1252"/>
    <property name="java.library.path" value="C:\Users\ping.meng\.jdks\corretto-1.8.0_312\bin;C:\windows\Sun\Java\bin;C:\windows\system32;C:\windows;C:\windows\system32;C:\windows;C:\windows\System32\Wbem;C:\windows\System32\WindowsPowerShell\v1.0\;C:\windows\System32\OpenSSH\;C:\Program Files (x86)\Pulse Secure\VC142.CRT\X64\;C:\Program Files (x86)\Pulse Secure\VC142.CRT\X86\;C:\Program Files (x86)\Common Files\Pulse Secure\VC142.CRT\X64\;C:\Program Files (x86)\Common Files\Pulse Secure\VC142.CRT\X86\;C:\Users\ping.meng\Downloads\apache-maven-3.8.4-bin\apache-maven-3.8.4\bin;C:\Users\ping.meng\.jdks\corretto-1.8.0_312\bin;C:\Program Files\MySQL\MySQL Server 8.0\bin;C:\Users\ping.meng\AppData\Local\Microsoft\WindowsApps;;."/>
    <property name="maven.conf" value="C:\Users\ping.meng\Downloads\apache-maven-3.8.4-bin\apache-maven-3.8.4/conf"/>
    <property name="java.specification.name" value="Java Platform API Specification"/>
    <property name="java.class.version" value="52.0"/>
    <property name="sun.management.compiler" value="HotSpot 64-Bit Tiered Compilers"/>
    <property name="os.version" value="10.0"/>
    <property name="library.jansi.path" value="C:\Users\ping.meng\Downloads\apache-maven-3.8.4-bin\apache-maven-3.8.4\lib\jansi-native"/>
    <property name="user.home" value="C:\Users\ping.meng"/>
    <property name="user.timezone" value="Asia/Shanghai"/>
    <property name="java.awt.printerjob" value="sun.awt.windows.WPrinterJob"/>
    <property name="java.specification.version" value="1.8"/>
    <property name="file.encoding" value="Cp1252"/>
    <property name="user.name" value="ping.meng"/>
    <property name="java.class.path" value="C:\Users\ping.meng\Downloads\apache-maven-3.8.4-bin\apache-maven-3.8.4\boot\plexus-classworlds-2.6.0.jar"/>
    <property name="java.vm.specification.version" value="1.8"/>
    <property name="sun.arch.data.model" value="64"/>
    <property name="java.home" value="C:\Users\ping.meng\.jdks\corretto-1.8.0_312\jre"/>
    <property name="sun.java.command" value="org.codehaus.plexus.classworlds.launcher.Launcher clean install"/>
    <property name="java.specification.vendor" value="Oracle Corporation"/>
    <property name="user.language" value="zh"/>
    <property name="awt.toolkit" value="sun.awt.windows.WToolkit"/>
    <property name="java.vm.info" value="mixed mode"/>
    <property name="java.version" value="1.8.0_312"/>
    <property name="java.ext.dirs" value="C:\Users\ping.meng\.jdks\corretto-1.8.0_312\jre\lib\ext;C:\windows\Sun\Java\lib\ext"/>
    <property name="sun.boot.class.path" value="C:\Users\ping.meng\.jdks\corretto-1.8.0_312\jre\lib\resources.jar;C:\Users\ping.meng\.jdks\corretto-1.8.0_312\jre\lib\rt.jar;C:\Users\ping.meng\.jdks\corretto-1.8.0_312\jre\lib\sunrsasign.jar;C:\Users\ping.meng\.jdks\corretto-1.8.0_312\jre\lib\jsse.jar;C:\Users\ping.meng\.jdks\corretto-1.8.0_312\jre\lib\jce.jar;C:\Users\ping.meng\.jdks\corretto-1.8.0_312\jre\lib\charsets.jar;C:\Users\ping.meng\.jdks\corretto-1.8.0_312\jre\lib\jfr.jar;C:\Users\ping.meng\.jdks\corretto-1.8.0_312\jre\classes"/>
    <property name="sun.stderr.encoding" value="cp437"/>
    <property name="java.vendor" value="Amazon.com Inc."/>
    <property name="maven.home" value="C:\Users\ping.meng\Downloads\apache-maven-3.8.4-bin\apache-maven-3.8.4"/>
    <property name="file.separator" value="\"/>
    <property name="java.vendor.url.bug" value="https://github.com/corretto/corretto-8/issues/"/>
    <property name="sun.cpu.endian" value="little"/>
    <property name="sun.io.unicode.encoding" value="UnicodeLittle"/>
    <property name="sun.stdout.encoding" value="cp437"/>
    <property name="sun.desktop" value="windows"/>
    <property name="sun.cpu.isalist" value="amd64"/>
  </properties>
  <testcase classname="test feature test" name="test post request" time="0.038">
    <skipped/>
    <system-out>@RestAssuredCase
Feature: test feature test

  Background:                         &amp;#27;[90m# src/test/resources/com/ping/features/assuredaw.feature:7&amp;#27;[0m
    &amp;#27;[33mGiven &amp;#27;[0m&amp;#27;[33mset base url and set header&amp;#27;[0m &amp;#27;[90m# null&amp;#27;[0m

  @RestAssuredCase
  Scenario: test post request                               &amp;#27;[90m# src/test/resources/com/ping/features/assuredaw.feature:19&amp;#27;[0m
    &amp;#27;[33mWhen &amp;#27;[0m&amp;#27;[33mI send a POST request to &quot;/save&quot; and request json:&amp;#27;[0m &amp;#27;[90m# null&amp;#27;[0m
    &amp;#27;[33mThen &amp;#27;[0m&amp;#27;[33mstate code will be &quot;200&quot;&amp;#27;[0m                           &amp;#27;[90m# null&amp;#27;[0m
    &amp;#27;[33mAnd &amp;#27;[0m&amp;#27;[33mthe JSON response &quot;bookid&quot; equals &quot;5433&quot;&amp;#27;[0m            &amp;#27;[90m# null&amp;#27;[0m
</system-out>
  </testcase>
  <testcase classname="test feature test" name="test post request" time="0.038">
    <skipped/>
  </testcase>
  <testcase classname="test feature test" name="test post request" time="0.038">
    <skipped/>
  </testcase>
  <testcase classname="test feature test" name="test post request" time="0.038">
    <skipped/>
  </testcase>
  <testcase classname="test feature test" name="test put with param" time="0.003">
    <skipped/>
    <system-out>
  Background:                         &amp;#27;[90m# src/test/resources/com/ping/features/assuredaw.feature:7&amp;#27;[0m
    &amp;#27;[33mGiven &amp;#27;[0m&amp;#27;[33mset base url and set header&amp;#27;[0m &amp;#27;[90m# null&amp;#27;[0m

  @RestAssuredCase
  Scenario: test put with param                            &amp;#27;[90m# src/test/resources/com/ping/features/assuredaw.feature:31&amp;#27;[0m
    &amp;#27;[33mWhen &amp;#27;[0m&amp;#27;[33mI get book with &quot;1&quot; and &quot;test&quot;&amp;#27;[0m                    &amp;#27;[90m# null&amp;#27;[0m
    &amp;#27;[33mThen &amp;#27;[0m&amp;#27;[33mresponse code should be 200 and header should be:&amp;#27;[0m &amp;#27;[90m# null&amp;#27;[0m
</system-out>
  </testcase>
  <testcase classname="test feature test" name="test put with param" time="0.003">
    <skipped/>
  </testcase>
  <testcase classname="test feature test" name="test put with param" time="0.005">
    <skipped/>
  </testcase>
</testsuite>